<?xml version="1.0" encoding="UTF-8"?>
<!-- Generated by org.testng.reporters.JUnitXMLReporter -->
<testsuite hostname="fortuna" ignored="1" name="Parallel Class Test" tests="1" failures="0" timestamp="2019-11-14T14:13:42 CET" time="8.083" errors="0">
  <testcase name="testCaseTwo_Test_One" time="1.065" classname="softwaretestingtutorialsautomation.EnabledDisablemethodtestng"/>
  <testcase name="testCaseOne_Test_One" time="0.0" classname="softwaretestingtutorialsautomation.EnabledDisablemethodtestng">
    <ignored/>
  </testcase> <!-- testCaseOne_Test_One -->
</testsuite> <!-- Parallel Class Test -->
