<?xml version="1.0" encoding="UTF-8"?>
<!-- Generated by org.testng.reporters.JUnitXMLReporter -->
<testsuite hostname="fortuna" ignored="0" name="Timeout Test" tests="2" failures="0" timestamp="2019-11-14T14:27:07 CET" time="0.104" errors="0">
  <testcase name="@BeforeTest setup" time="0.066" classname="softwaretestingtutorialsautomation.Timeouttestng">
    <failure type="java.lang.IllegalStateException" message="The path to the driver executable must be set by the webdriver.gecko.driver system property; for more information, see https://github.com/mozilla/geckodriver. The latest version can be downloaded from https://github.com/mozilla/geckodriver/releases">
      <![CDATA[java.lang.IllegalStateException: The path to the driver executable must be set by the webdriver.gecko.driver system property; for more information, see https://github.com/mozilla/geckodriver. The latest version can be downloaded from https://github.com/mozilla/geckodriver/releases
at com.google.common.base.Preconditions.checkState(Preconditions.java:847)
at org.openqa.selenium.remote.service.DriverService.findExecutable(DriverService.java:134)
at org.openqa.selenium.firefox.GeckoDriverService.access$100(GeckoDriverService.java:44)
at org.openqa.selenium.firefox.GeckoDriverService$Builder.findDefaultExecutable(GeckoDriverService.java:167)
at org.openqa.selenium.remote.service.DriverService$Builder.build(DriverService.java:355)
at org.openqa.selenium.firefox.FirefoxDriver.toExecutor(FirefoxDriver.java:190)
at org.openqa.selenium.firefox.FirefoxDriver.<init>(FirefoxDriver.java:147)
at org.openqa.selenium.firefox.FirefoxDriver.<init>(FirefoxDriver.java:125)
at softwaretestingtutorialsautomation.Timeouttestng.setup(Timeouttestng.java:17)
... Removed 24 stack frames]]>
    </failure>
  </testcase> <!-- @BeforeTest setup -->
  <testcase name="timeoutTestOne" time="0.0" classname="softwaretestingtutorialsautomation.Timeouttestng">
    <skipped/>
  </testcase> <!-- timeoutTestOne -->
  <testcase name="timeoutTestTwo" time="0.0" classname="softwaretestingtutorialsautomation.Timeouttestng">
    <skipped/>
  </testcase> <!-- timeoutTestTwo -->
</testsuite> <!-- Timeout Test -->
