<?xml version="1.0" encoding="UTF-8"?>
<testng-results skipped="0" failed="0" ignored="0" total="5" passed="5">
  <reporter-output>
  </reporter-output>
  <suite name="Suite One" duration-ms="36646" started-at="2019-11-18T20:26:50 CET" finished-at="2019-11-18T20:27:27 CET">
    <groups>
    </groups>
    <test name="Test TaskWorld" duration-ms="36646" started-at="2019-11-18T20:26:50 CET" finished-at="2019-11-18T20:27:27 CET">
      <class name="TaskWorldTest.TaskWorld">
        <test-method status="PASS" signature="initialize()[pri:0, instance:TaskWorldTest.TaskWorld@4fcd19b3]" name="initialize" is-config="true" duration-ms="7652" started-at="2019-11-18T20:26:42 CET" finished-at="2019-11-18T20:26:50 CET">
          <reporter-output>
          </reporter-output>
        </test-method> <!-- initialize -->
        <test-method status="PASS" signature="initialize()[pri:0, instance:TaskWorldTest.TaskWorld@4fcd19b3]" name="initialize" duration-ms="6712" started-at="2019-11-18T20:26:50 CET" finished-at="2019-11-18T20:26:57 CET">
          <reporter-output>
          </reporter-output>
        </test-method> <!-- initialize -->
        <test-method status="PASS" signature="Create_Project()[pri:1, instance:TaskWorldTest.TaskWorld@4fcd19b3]" name="Create_Project" duration-ms="17045" started-at="2019-11-18T20:26:57 CET" finished-at="2019-11-18T20:27:14 CET">
          <reporter-output>
          </reporter-output>
        </test-method> <!-- Create_Project -->
        <test-method status="PASS" signature="Create_Tasklist()[pri:2, instance:TaskWorldTest.TaskWorld@4fcd19b3]" name="Create_Tasklist" duration-ms="695" started-at="2019-11-18T20:27:14 CET" finished-at="2019-11-18T20:27:14 CET">
          <reporter-output>
          </reporter-output>
        </test-method> <!-- Create_Tasklist -->
        <test-method status="PASS" signature="Add_Task()[pri:3, instance:TaskWorldTest.TaskWorld@4fcd19b3]" name="Add_Task" duration-ms="427" started-at="2019-11-18T20:27:14 CET" finished-at="2019-11-18T20:27:15 CET">
          <reporter-output>
          </reporter-output>
        </test-method> <!-- Add_Task -->
        <test-method status="PASS" signature="Completed_Task()[pri:4, instance:TaskWorldTest.TaskWorld@4fcd19b3]" name="Completed_Task" duration-ms="11731" started-at="2019-11-18T20:27:15 CET" finished-at="2019-11-18T20:27:27 CET">
          <reporter-output>
          </reporter-output>
        </test-method> <!-- Completed_Task -->
        <test-method status="PASS" signature="TeardownTest()[pri:0, instance:TaskWorldTest.TaskWorld@4fcd19b3]" name="TeardownTest" is-config="true" duration-ms="842" started-at="2019-11-18T20:27:27 CET" finished-at="2019-11-18T20:27:27 CET">
          <reporter-output>
          </reporter-output>
        </test-method> <!-- TeardownTest -->
      </class> <!-- TaskWorldTest.TaskWorld -->
    </test> <!-- Test TaskWorld -->
  </suite> <!-- Suite One -->
</testng-results>
