<?xml version="1.0" encoding="UTF-8"?>
<!-- Generated by org.testng.reporters.JUnitXMLReporter -->
<testsuite hostname="fortuna" ignored="6" name="Page Object Model Project" tests="4" failures="0" timestamp="26 Oct 2019 15:30:18 GMT" time="2.735" errors="0">
  <testcase name="Login" time="0.458" classname="POM_tests.FbLoginTest"/>
  <testcase name="Home" time="1.253" classname="POM_tests.FbHomeTest"/>
  <testcase name="Photos" time="0.554" classname="POM_tests.FbProfileTest"/>
  <testcase name="Profile" time="0.446" classname="POM_tests.FbProfileTest"/>
  <testcase name="@AfterSuite TeardownTest" time="0.0" classname="POM_tests.Test_Base">
    <ignored/>
  </testcase> <!-- @AfterSuite TeardownTest -->
  <testcase name="@AfterSuite TeardownTest" time="0.0" classname="POM_tests.Test_Base">
    <ignored/>
  </testcase> <!-- @AfterSuite TeardownTest -->
  <testcase name="@AfterSuite TeardownTest" time="0.0" classname="POM_tests.Test_Base">
    <ignored/>
  </testcase> <!-- @AfterSuite TeardownTest -->
  <testcase name="@BeforeSuite initialize" time="0.0" classname="POM_tests.Test_Base">
    <ignored/>
  </testcase> <!-- @BeforeSuite initialize -->
  <testcase name="@BeforeSuite initialize" time="0.0" classname="POM_tests.Test_Base">
    <ignored/>
  </testcase> <!-- @BeforeSuite initialize -->
  <testcase name="@BeforeSuite initialize" time="0.0" classname="POM_tests.Test_Base">
    <ignored/>
  </testcase> <!-- @BeforeSuite initialize -->
</testsuite> <!-- Page Object Model Project -->
