<?xml version="1.0" encoding="UTF-8"?>
<!-- Generated by org.testng.reporters.JUnitXMLReporter -->
<testsuite hostname="fortuna" ignored="0" name="Default test" tests="5" failures="0" timestamp="2019-11-18T19:46:43 CET" time="35.913" errors="0">
  <testcase name="initialize" time="5.819" classname="TaskWorldTest.Base_Class"/>
  <testcase name="Create_Project" time="17.754" classname="TaskWorldTest.TaskWorld"/>
  <testcase name="Create_Tasklist" time="0.693" classname="TaskWorldTest.TaskWorld"/>
  <testcase name="Add_Task" time="0.49" classname="TaskWorldTest.TaskWorld"/>
  <testcase name="Completed_Task" time="11.121" classname="TaskWorldTest.TaskWorld"/>
</testsuite> <!-- Default test -->
