<?xml version="1.0" encoding="UTF-8"?>
<!-- Generated by org.testng.reporters.JUnitXMLReporter -->
<testsuite hostname="fortuna" ignored="0" name="preserve-order Test" tests="3" failures="0" timestamp="2019-11-14T14:02:11 CET" time="0.04" errors="0">
  <testcase name="testCaseOne_ClassOne" time="0.006" classname="softwaretestingtutorialsautomation.preserveorder1"/>
  <testcase name="testCaseOne_ClassThree" time="0.001" classname="softwaretestingtutorialsautomation.preserveorder2"/>
  <testcase name="testCaseOne_ClassTwo" time="0.002" classname="softwaretestingtutorialsautomation.preserveorder3"/>
</testsuite> <!-- preserve-order Test -->
